2025-03-13T13:26:27.599Z [info]: Incoming POST : /users
2025-03-13T13:28:05.288Z [info]: Incoming POST : /users
2025-03-13T13:29:47.879Z [info]: Incoming POST : /users
2025-03-13T13:30:40.089Z [info]: Incoming POST : /users
2025-03-13T13:31:30.335Z [info]: Incoming POST : /users
2025-03-13T13:31:30.701Z [info]: PUT command to database complete {"$metadata":{"httpStatusCode":200,"requestId":"1QR0VB157K846MULKL5A4JEJIBVV4KQNSO5AEMVJF66Q9ASUAAJG","attempts":1,"totalRetryDelay":0}}
2025-03-13T13:44:55.942Z [info]: Incoming POST : /users/login
2025-03-13T13:44:56.360Z [info]: SCAN command to database complete {"$metadata":{"httpStatusCode":200,"requestId":"R5GDFMM6NC73801JVEO07EP6JFVV4KQNSO5AEMVJF66Q9ASUAAJG","attempts":1,"totalRetryDelay":0},"Count":1,"Items":[{"user_id":"2b3c237f-4a9d-4a75-843b-8573040b742f","password":"pass2","username":"user2"}],"ScannedCount":2}
2025-03-13T13:45:05.990Z [info]: Incoming POST : /users/login
2025-03-13T13:45:06.033Z [info]: SCAN command to database complete {"$metadata":{"httpStatusCode":200,"requestId":"KL7BIBRMRNIHFQKOCNMJJT0H6RVV4KQNSO5AEMVJF66Q9ASUAAJG","attempts":1,"totalRetryDelay":0},"Count":1,"Items":[{"user_id":"1c35be7c-8fb4-4f11-bcc2-20f74e70faa5","password":"pass1","username":"user1"}],"ScannedCount":2}
2025-03-13T13:45:12.209Z [info]: Incoming POST : /users/login
2025-03-13T13:45:12.253Z [info]: SCAN command to database complete {"$metadata":{"httpStatusCode":200,"requestId":"6SC3E7ITTP69J1EMNQ2RKR9427VV4KQNSO5AEMVJF66Q9ASUAAJG","attempts":1,"totalRetryDelay":0},"Count":1,"Items":[{"user_id":"2b3c237f-4a9d-4a75-843b-8573040b742f","password":"pass2","username":"user2"}],"ScannedCount":2}
2025-03-13T14:10:03.808Z [info]: Incoming GET : /protected
2025-03-13T14:10:54.747Z [info]: Incoming POST : /users/login
2025-03-13T14:10:55.155Z [info]: SCAN command to database complete {"$metadata":{"httpStatusCode":200,"requestId":"RCBJND9503D8JH6HKQ175TCH5FVV4KQNSO5AEMVJF66Q9ASUAAJG","attempts":1,"totalRetryDelay":0},"Count":1,"Items":[{"user_id":"2b3c237f-4a9d-4a75-843b-8573040b742f","password":"pass2","username":"user2"}],"ScannedCount":2}
2025-03-13T14:11:04.846Z [info]: Incoming GET : /protected
2025-03-13T14:12:05.094Z [info]: Incoming GET : /protected
2025-03-13T14:12:16.507Z [info]: Incoming POST : /users/login
2025-03-13T14:12:16.807Z [info]: SCAN command to database complete {"$metadata":{"httpStatusCode":200,"requestId":"BOMEBNREHM154H03T0I82BET17VV4KQNSO5AEMVJF66Q9ASUAAJG","attempts":1,"totalRetryDelay":0},"Count":1,"Items":[{"user_id":"2b3c237f-4a9d-4a75-843b-8573040b742f","password":"pass2","username":"user2"}],"ScannedCount":2}
2025-03-13T14:12:25.644Z [info]: Incoming GET : /protected
2025-03-13T14:12:34.043Z [info]: Incoming GET : /users/logout
2025-03-13T14:12:34.054Z [info]: Incoming GET : /
2025-03-13T14:12:43.804Z [info]: Incoming GET : /protected
2025-03-13T14:21:44.069Z [info]: Incoming POST : /users/login
2025-03-13T14:21:44.375Z [info]: SCAN command to database complete {"$metadata":{"httpStatusCode":200,"requestId":"U4QNJVPCMGA1ELHJVMLDFAD0OVVV4KQNSO5AEMVJF66Q9ASUAAJG","attempts":1,"totalRetryDelay":0},"Count":1,"Items":[{"user_id":"2b3c237f-4a9d-4a75-843b-8573040b742f","password":"pass2","username":"user2"}],"ScannedCount":2}
2025-03-13T14:31:33.237Z [info]: Incoming POST : /users/login
2025-03-13T14:31:33.526Z [info]: SCAN command to database complete {"$metadata":{"httpStatusCode":200,"requestId":"FH66L3MT9II0GFCN5ANFPRRAHFVV4KQNSO5AEMVJF66Q9ASUAAJG","attempts":1,"totalRetryDelay":0},"Count":1,"Items":[{"user_id":"2b3c237f-4a9d-4a75-843b-8573040b742f","password":"pass2","username":"user2"}],"ScannedCount":2}
2025-03-13T14:31:49.011Z [info]: Incoming GET : /protected
2025-03-13T14:32:07.975Z [info]: Incoming GET : /protected
2025-03-13T14:32:07.977Z [error]: invalid signature
2025-03-13T14:32:27.919Z [info]: Incoming GET : /protected
2025-03-13T14:32:27.921Z [error]: invalid signature
2025-03-13T14:46:42.266Z [info]: Incoming POST : /users
2025-03-13T14:47:35.207Z [info]: Incoming POST : /users
2025-03-13T14:47:35.679Z [info]: PUT command to database complete {"$metadata":{"httpStatusCode":200,"requestId":"7DMSL0LBB0MRGOJBCIEVN34BUFVV4KQNSO5AEMVJF66Q9ASUAAJG","attempts":1,"totalRetryDelay":0}}
2025-03-13T14:48:12.632Z [info]: Incoming POST : /users/login
2025-03-13T14:48:12.680Z [info]: SCAN command to database complete {"$metadata":{"httpStatusCode":200,"requestId":"EGAHLKS78GUK5H6589IRKCLGGNVV4KQNSO5AEMVJF66Q9ASUAAJG","attempts":1,"totalRetryDelay":0},"Count":1,"Items":[{"user_id":"ee70efbe-4afc-45e9-91c3-73905569ba69","password":"$2b$10$4d9lBeeBd4SKD3KKMGQTneAToPgR2nRHWMW81aWjnhyCOn3BOCwki","username":"user3"}],"ScannedCount":3}
2025-03-13T14:48:30.236Z [info]: Incoming GET : /protected
2025-03-13T14:48:30.241Z [error]: invalid signature
2025-03-13T14:49:15.598Z [info]: Incoming GET : /protected
2025-03-13T14:49:15.600Z [error]: invalid signature
2025-03-13T14:57:45.086Z [info]: Incoming GET : /protected
2025-03-13T14:57:45.308Z [info]: Incoming GET : /favicon.ico
2025-03-17T13:13:58.624Z [info]: Incoming POST : /users/login
2025-03-17T13:13:59.067Z [info]: SCAN command to database complete {"$metadata":{"httpStatusCode":200,"requestId":"RFJSB0RP1JVVC30FAM9UH7147BVV4KQNSO5AEMVJF66Q9ASUAAJG","attempts":1,"totalRetryDelay":0},"Count":1,"Items":[{"user_id":"1c35be7c-8fb4-4f11-bcc2-20f74e70faa5","password":"pass1","username":"user1"}],"ScannedCount":3}
2025-03-17T13:14:51.491Z [info]: Incoming POST : /users/login
2025-03-17T13:14:51.533Z [info]: SCAN command to database complete {"$metadata":{"httpStatusCode":200,"requestId":"000EB4G6U1D1G5JO3J2JB3GS13VV4KQNSO5AEMVJF66Q9ASUAAJG","attempts":1,"totalRetryDelay":0},"Count":1,"Items":[{"user_id":"1c35be7c-8fb4-4f11-bcc2-20f74e70faa5","password":"pass1","username":"user1"}],"ScannedCount":3}
2025-03-17T13:16:53.323Z [info]: Incoming POST : /users/login
2025-03-17T13:16:53.707Z [info]: SCAN command to database complete {"$metadata":{"httpStatusCode":200,"requestId":"RTVCBN1NSN21ECKNIMGCQOMM7JVV4KQNSO5AEMVJF66Q9ASUAAJG","attempts":1,"totalRetryDelay":0},"Count":1,"Items":[{"user_id":"1c35be7c-8fb4-4f11-bcc2-20f74e70faa5","password":"pass1","username":"user1"}],"ScannedCount":3}
2025-04-21T12:38:12.582Z [info]: Incoming GET : /
2025-04-21T12:38:12.797Z [info]: Incoming GET : /favicon.ico
2025-04-21T12:39:02.150Z [info]: Incoming GET : /
2025-04-21T12:39:09.240Z [info]: Incoming POST : /users/
2025-04-21T12:41:00.958Z [info]: Incoming POST : /users/
2025-04-21T12:41:01.181Z [error]: Requested resource not found
2025-04-21T12:43:03.711Z [info]: Incoming POST : /users/
2025-04-21T12:43:03.901Z [error]: One or more parameter values were invalid: Missing the key id in the item
2025-04-21T12:47:19.822Z [info]: Incoming POST : /users/
2025-04-21T12:47:20.065Z [info]: PUT command to database complete {"$metadata":{"httpStatusCode":200,"requestId":"S9944PM1CRV317F3NCLFB2B12VVV4KQNSO5AEMVJF66Q9ASUAAJG","attempts":1,"totalRetryDelay":0}}
2025-04-21T12:48:31.689Z [info]: Incoming GET : /users/login
2025-04-21T12:49:01.171Z [info]: Incoming GET : /login
2025-04-21T12:49:08.474Z [info]: Incoming POST : /login
2025-04-21T12:49:41.098Z [info]: Incoming POST : /users/login
2025-04-21T12:49:41.239Z [info]: SCAN command to database complete {"$metadata":{"httpStatusCode":200,"requestId":"8DCVVKGUSLLIN3FQ31CUFLE67VVV4KQNSO5AEMVJF66Q9ASUAAJG","attempts":1,"totalRetryDelay":0},"Count":1,"Items":[{"user_id":"3c5de4f2-23bf-4f7c-a8ae-dfe98f5fa667","password":"$2b$10$J9DtaHhn789gvKclUHkXse6to4q4WBd/3hmzrZ6pPPEZrqYaNiwKq","username":"admin"}],"ScannedCount":1}
2025-04-21T12:53:52.245Z [info]: Incoming POST : /users/login
2025-04-21T12:53:52.446Z [info]: SCAN command to database complete {"$metadata":{"httpStatusCode":200,"requestId":"SERS3V9KN0356P4L5E7RQLUS4FVV4KQNSO5AEMVJF66Q9ASUAAJG","attempts":1,"totalRetryDelay":0},"Count":1,"Items":[{"user_id":"3c5de4f2-23bf-4f7c-a8ae-dfe98f5fa667","password":"$2b$10$J9DtaHhn789gvKclUHkXse6to4q4WBd/3hmzrZ6pPPEZrqYaNiwKq","username":"admin"}],"ScannedCount":1}
